<?xml version="1.0" encoding="UTF-8"?>
<!-- Generated by org.testng.reporters.JUnitReportReporter -->
<testsuite hostname="MYNDLAP-4466" failures="0" tests="6" name="Test.Login.LeaseXLogin" time="51.917" errors="0" timestamp="2024-10-07T15:38:08 IST" skipped="0">
  <testcase classname="Test.Login.LeaseXLogin" name="loginFlow" time="7.990"/>
  <testcase classname="Test.Login.LeaseXLogin" name="loginFlow" time="10.239"/>
  <testcase classname="Test.Login.LeaseXLogin" name="loginFlow" time="7.840"/>
  <testcase classname="Test.Login.LeaseXLogin" name="loginFlow" time="7.308"/>
  <testcase classname="Test.Login.LeaseXLogin" name="loginFlow" time="7.902"/>
  <testcase classname="Test.Login.LeaseXLogin" name="loginFlow" time="10.638"/>
</testsuite> <!-- Test.Login.LeaseXLogin -->
